<?xml version="1.0" encoding="UTF-8"?>
<testsuite name="qotd.AttributionControllerSpec" tests="7" skipped="0" failures="5" errors="0" timestamp="2016-05-10T03:14:11" hostname="Alexs-MacBook-Pro.local" time="2.598">
  <properties/>
  <testcase name="Test the index action returns the correct model" classname="qotd.AttributionControllerSpec" time="2.385"/>
  <testcase name="Test the create action returns the correct model" classname="qotd.AttributionControllerSpec" time="0.06"/>
  <testcase name="Test the save action correctly persists an instance" classname="qotd.AttributionControllerSpec" time="0.043">
    <failure message="Condition not satisfied:&#10;&#10;false&#10;&#10;TODO: Provide a populateValidParams() implementation for this generated test suite&#10;" type="org.spockframework.runtime.ConditionNotSatisfiedError">Condition not satisfied:

false

TODO: Provide a populateValidParams() implementation for this generated test suite

	at qotd.AttributionControllerSpec.populateValidParams(AttributionControllerSpec.groovy:16)
	at qotd.AttributionControllerSpec.Test the save action correctly persists an instance(AttributionControllerSpec.groovy:52)
</failure>
  </testcase>
  <testcase name="Test that the show action returns the correct model" classname="qotd.AttributionControllerSpec" time="0.01">
    <failure message="Condition not satisfied:&#10;&#10;false&#10;&#10;TODO: Provide a populateValidParams() implementation for this generated test suite&#10;" type="org.spockframework.runtime.ConditionNotSatisfiedError">Condition not satisfied:

false

TODO: Provide a populateValidParams() implementation for this generated test suite

	at qotd.AttributionControllerSpec.populateValidParams(AttributionControllerSpec.groovy:16)
	at qotd.AttributionControllerSpec.Test that the show action returns the correct model(AttributionControllerSpec.groovy:71)
</failure>
  </testcase>
  <testcase name="Test that the edit action returns the correct model" classname="qotd.AttributionControllerSpec" time="0.007">
    <failure message="Condition not satisfied:&#10;&#10;false&#10;&#10;TODO: Provide a populateValidParams() implementation for this generated test suite&#10;" type="org.spockframework.runtime.ConditionNotSatisfiedError">Condition not satisfied:

false

TODO: Provide a populateValidParams() implementation for this generated test suite

	at qotd.AttributionControllerSpec.populateValidParams(AttributionControllerSpec.groovy:16)
	at qotd.AttributionControllerSpec.Test that the edit action returns the correct model(AttributionControllerSpec.groovy:87)
</failure>
  </testcase>
  <testcase name="Test the update action performs an update on a valid domain instance" classname="qotd.AttributionControllerSpec" time="0.083">
    <failure message="Condition not satisfied:&#10;&#10;false&#10;&#10;TODO: Provide a populateValidParams() implementation for this generated test suite&#10;" type="org.spockframework.runtime.ConditionNotSatisfiedError">Condition not satisfied:

false

TODO: Provide a populateValidParams() implementation for this generated test suite

	at qotd.AttributionControllerSpec.populateValidParams(AttributionControllerSpec.groovy:16)
	at qotd.AttributionControllerSpec.Test the update action performs an update on a valid domain instance(AttributionControllerSpec.groovy:117)
</failure>
  </testcase>
  <testcase name="Test that the delete action deletes an instance if it exists" classname="qotd.AttributionControllerSpec" time="0.009">
    <failure message="Condition not satisfied:&#10;&#10;false&#10;&#10;TODO: Provide a populateValidParams() implementation for this generated test suite&#10;" type="org.spockframework.runtime.ConditionNotSatisfiedError">Condition not satisfied:

false

TODO: Provide a populateValidParams() implementation for this generated test suite

	at qotd.AttributionControllerSpec.populateValidParams(AttributionControllerSpec.groovy:16)
	at qotd.AttributionControllerSpec.Test that the delete action deletes an instance if it exists(AttributionControllerSpec.groovy:139)
</failure>
  </testcase>
  <system-out><![CDATA[]]></system-out>
  <system-err><![CDATA[]]></system-err>
</testsuite>
